<?xml version="1.0" encoding="UTF-8"?>
<!-- Generated by org.testng.reporters.JUnitReportReporter -->
<testsuite skipped="0" hostname="WIN-GEDESCREUP8" name="NewTest" tests="1" failures="0" timestamp="24 Feb 2018 17:54:58 GMT" time="2.294" errors="0">
  <testcase name="MavernTest" time="2.294" classname="NewTest"/>
</testsuite> <!-- NewTest -->
